<?xml version="1.0" encoding="UTF-8"?>
<!-- Generated by org.testng.reporters.JUnitReportReporter -->
<testsuite hostname="Umair-Boota-3520" failures="0" tests="1" name="utils.DBManager" time="0.043" errors="0" timestamp="2024-02-20T17:24:39 PKT" skipped="0">
  <testcase classname="utils.DBManager" name="test" time="0.043"/>
</testsuite> <!-- utils.DBManager -->
