<?xml version="1.0" encoding="UTF-8"?>
<!-- Generated by org.testng.reporters.JUnitReportReporter -->
<testsuite hostname="Umair-Boota-3520" failures="0" tests="2" name="utils.DBManager" time="3.352" errors="1" timestamp="2024-02-21T11:30:14 PKT" skipped="1">
  <testcase classname="utils.DBManager" name="test" time="0.000">
    <skipped/>
  </testcase> <!-- test -->
  <testcase classname="utils.DBManager" name="setUpTest" time="3.352">
    <error message="java.lang.NumberFormatException: For input string: &quot;public&quot;" type="io.github.bonigarcia.wdm.config.WebDriverManagerException">
      <![CDATA[io.github.bonigarcia.wdm.config.WebDriverManagerException: java.lang.NumberFormatException: For input string: "public"
at io.github.bonigarcia.wdm.WebDriverManager.handleException(WebDriverManager.java:1445)
at io.github.bonigarcia.wdm.WebDriverManager.manage(WebDriverManager.java:1205)
at io.github.bonigarcia.wdm.WebDriverManager.fallback(WebDriverManager.java:1461)
at io.github.bonigarcia.wdm.WebDriverManager.handleException(WebDriverManager.java:1442)
at io.github.bonigarcia.wdm.WebDriverManager.manage(WebDriverManager.java:1205)
at io.github.bonigarcia.wdm.WebDriverManager.handleException(WebDriverManager.java:1435)
at io.github.bonigarcia.wdm.WebDriverManager.manage(WebDriverManager.java:1205)
at io.github.bonigarcia.wdm.WebDriverManager.setup(WebDriverManager.java:427)
at config.ConfigReader.initializeDriver(ConfigReader.java:74)
at config.ConfigReader.initializeWebDriver(ConfigReader.java:62)
at config.ConfigReader.setUp(ConfigReader.java:26)
at utils.DBManager.setUpTest(DBManager.java:30)
at java.base/jdk.internal.reflect.NativeMethodAccessorImpl.invoke0(Native Method)
at java.base/jdk.internal.reflect.NativeMethodAccessorImpl.invoke(NativeMethodAccessorImpl.java:77)
at java.base/jdk.internal.reflect.DelegatingMethodAccessorImpl.invoke(DelegatingMethodAccessorImpl.java:43)
at java.base/java.lang.reflect.Method.invoke(Method.java:568)
at org.testng.internal.invokers.MethodInvocationHelper.invokeMethod(MethodInvocationHelper.java:139)
at org.testng.internal.invokers.MethodInvocationHelper.invokeMethodConsideringTimeout(MethodInvocationHelper.java:69)
at org.testng.internal.invokers.ConfigInvoker.invokeConfigurationMethod(ConfigInvoker.java:393)
at org.testng.internal.invokers.ConfigInvoker.invokeConfigurations(ConfigInvoker.java:326)
at org.testng.TestRunner.invokeTestConfigurations(TestRunner.java:661)
at org.testng.TestRunner.beforeRun(TestRunner.java:650)
at org.testng.TestRunner.run(TestRunner.java:612)
at org.testng.SuiteRunner.runTest(SuiteRunner.java:443)
at org.testng.SuiteRunner.runSequentially(SuiteRunner.java:437)
at org.testng.SuiteRunner.privateRun(SuiteRunner.java:397)
at org.testng.SuiteRunner.run(SuiteRunner.java:336)
at org.testng.SuiteRunnerWorker.runSuite(SuiteRunnerWorker.java:52)
at org.testng.SuiteRunnerWorker.run(SuiteRunnerWorker.java:95)
at org.testng.TestNG.runSuitesSequentially(TestNG.java:1301)
at org.testng.TestNG.runSuitesLocally(TestNG.java:1228)
at org.testng.TestNG.runSuites(TestNG.java:1134)
at org.testng.TestNG.run(TestNG.java:1101)
at org.testng.remote.AbstractRemoteTestNG.run(AbstractRemoteTestNG.java:115)
at org.testng.remote.RemoteTestNG.initAndRun(RemoteTestNG.java:251)
at org.testng.remote.RemoteTestNG.main(RemoteTestNG.java:77)
Caused by: java.lang.NumberFormatException: For input string: "public"
at java.base/java.lang.NumberFormatException.forInputString(NumberFormatException.java:67)
at java.base/java.lang.Integer.parseInt(Integer.java:668)
at java.base/java.lang.Integer.parseInt(Integer.java:786)
at io.github.bonigarcia.wdm.managers.ChromeDriverManager.buildUrl(ChromeDriverManager.java:178)
at io.github.bonigarcia.wdm.managers.ChromeDriverManager.buildUrl(ChromeDriverManager.java:155)
at io.github.bonigarcia.wdm.WebDriverManager.download(WebDriverManager.java:1282)
at io.github.bonigarcia.wdm.WebDriverManager.manage(WebDriverManager.java:1199)
... 34 more
]]>
    </error>
  </testcase> <!-- setUpTest -->
</testsuite> <!-- utils.DBManager -->
