<?xml version="1.0" encoding="UTF-8"?>
<!-- Generated by org.testng.reporters.JUnitReportReporter -->
<testsuite hostname="Umair-Boota-3520" failures="0" tests="1" name="tests.DBTest" time="0.027" errors="0" timestamp="2024-02-21T12:29:12 PKT" skipped="0">
  <testcase classname="tests.DBTest" name="test" time="0.027"/>
</testsuite> <!-- tests.DBTest -->
