<?xml version="1.0" encoding="UTF-8"?>
<!-- Generated by org.testng.reporters.JUnitReportReporter -->
<testsuite hostname="Umair-Boota-3520" failures="0" tests="1" name="tests.indexTest" time="2.503" errors="0" timestamp="2024-01-28T12:20:02 PKT" skipped="0">
  <testcase classname="tests.indexTest" name="loadPage" time="2.503"/>
</testsuite> <!-- tests.indexTest -->
