<?xml version="1.0" encoding="UTF-8"?>
<!-- Generated by org.testng.reporters.JUnitReportReporter -->
<testsuite hostname="Umair-Boota-3520" failures="0" tests="2" name="tests.LoginTest" time="21.755" errors="0" timestamp="2024-01-31T13:30:07 PKT" skipped="0">
  <testcase classname="tests.LoginTest" name="loginTest" time="11.392"/>
  <testcase classname="tests.LoginTest" name="loginTestInvalid" time="10.363"/>
</testsuite> <!-- tests.LoginTest -->
