<?xml version="1.0" encoding="UTF-8"?>
<!-- Generated by org.testng.reporters.JUnitReportReporter -->
<testsuite hostname="Umair-Boota-3520" failures="0" tests="2" name="tests.LoginTest" time="23.108" errors="0" timestamp="2024-01-28T14:01:42 PKT" skipped="0">
  <testcase classname="tests.LoginTest" name="loginTest" time="12.500"/>
  <testcase classname="tests.LoginTest" name="loginTestInvalid" time="10.608"/>
</testsuite> <!-- tests.LoginTest -->
