<?xml version="1.0" encoding="UTF-8"?>
<!-- Generated by org.testng.reporters.JUnitReportReporter -->
<testsuite hostname="Umair-Boota-3520" failures="0" tests="2" name="tests.LoginTest" time="21.618" errors="0" timestamp="2024-02-05T18:29:05 PKT" skipped="0">
  <testcase classname="tests.LoginTest" name="loginTest" time="11.427"/>
  <testcase classname="tests.LoginTest" name="loginTestInvalid" time="10.191"/>
</testsuite> <!-- tests.LoginTest -->
