<?xml version="1.0" encoding="UTF-8"?>
<!-- Generated by org.testng.reporters.JUnitReportReporter -->
<testsuite hostname="Umair-Boota-3520" failures="0" tests="4" name="tests.task4Test" time="24.093" errors="0" timestamp="2024-02-05T18:29:05 PKT" skipped="0">
  <testcase classname="tests.task4Test" name="scenario_one" time="12.113"/>
  <testcase classname="tests.task4Test" name="S1Assertion1" time="0.038"/>
  <testcase classname="tests.task4Test" name="scenario_two" time="11.911"/>
  <testcase classname="tests.task4Test" name="S2Assertion1" time="0.031"/>
</testsuite> <!-- tests.task4Test -->
